This is XeTeX, Version 3.141592653-2.6-0.999993 (TeX Live 2021/W32TeX) (preloaded format=xelatex 2021.6.17)  15 JUL 2021 21:20
entering extended mode
 restricted \write18 enabled.
 %&-line parsing enabled.
**LatexMain.tex
(./LatexMain.tex
LaTeX2e <2021-06-01> patch level 1
L3 programming layer <2021-06-01> (./Latex Preamble/txtPreamble.tex
(d:/WINDOWSAPPS/texlive/2021/texmf-dist/tex/latex/base/article.cls
Document Class: article 2021/02/12 v1.4n Standard LaTeX document class
(d:/WINDOWSAPPS/texlive/2021/texmf-dist/tex/latex/base/size10.clo
File: size10.clo 2021/02/12 v1.4n Standard LaTeX file (size option)
)
\c@part=\count178
\c@section=\count179
\c@subsection=\count180
\c@subsubsection=\count181
\c@paragraph=\count182
\c@subparagraph=\count183
\c@figure=\count184
\c@table=\count185
\abovecaptionskip=\skip47
\belowcaptionskip=\skip48
\bibindent=\dimen138
)
(d:/WINDOWSAPPS/texlive/2021/texmf-dist/tex/latex/subfiles/subfiles.sty
Package: subfiles 2020/11/14 v2.2 Multi-file projects (package)

(d:/WINDOWSAPPS/texlive/2021/texmf-dist/tex/latex/import/import.sty
Package: import 2020/04/01  v 6.2
))
(d:/WINDOWSAPPS/texlive/2021/texmf-dist/tex/latex/ragged2e/ragged2e.sty
Package: ragged2e 2021/02/05 v3.0 ragged2e Package

(d:/WINDOWSAPPS/texlive/2021/texmf-dist/tex/latex/footmisc/footmisc.sty
Package: footmisc 2011/06/06 v5.5b a miscellany of footnote facilities
\FN@temptoken=\toks16
\footnotemargin=\dimen139
\c@pp@next@reset=\count186
Package footmisc Info: Declaring symbol style bringhurst on input line 855.
Package footmisc Info: Declaring symbol style chicago on input line 863.
Package footmisc Info: Declaring symbol style wiley on input line 872.
Package footmisc Info: Declaring symbol style lamport-robust on input line 883.

Package footmisc Info: Declaring symbol style lamport* on input line 903.
Package footmisc Info: Declaring symbol style lamport*-robust on input line 924
.
)
\CenteringLeftskip=\skip49
\RaggedLeftLeftskip=\skip50
\RaggedRightLeftskip=\skip51
\CenteringRightskip=\skip52
\RaggedLeftRightskip=\skip53
\RaggedRightRightskip=\skip54
\CenteringParfillskip=\skip55
\RaggedLeftParfillskip=\skip56
\RaggedRightParfillskip=\skip57
\JustifyingParfillskip=\skip58
\CenteringParindent=\skip59
\RaggedLeftParindent=\skip60
\RaggedRightParindent=\skip61
\JustifyingParindent=\skip62
)
(d:/WINDOWSAPPS/texlive/2021/texmf-dist/tex/latex/amsmath/amsmath.sty
Package: amsmath 2021/04/20 v2.17j AMS math features
\@mathmargin=\skip63

For additional information on amsmath, use the `?' option.
(d:/WINDOWSAPPS/texlive/2021/texmf-dist/tex/latex/amsmath/amstext.sty
Package: amstext 2000/06/29 v2.01 AMS text

(d:/WINDOWSAPPS/texlive/2021/texmf-dist/tex/latex/amsmath/amsgen.sty
File: amsgen.sty 1999/11/30 v2.0 generic functions
\@emptytoks=\toks17
\ex@=\dimen140
))
(d:/WINDOWSAPPS/texlive/2021/texmf-dist/tex/latex/amsmath/amsbsy.sty
Package: amsbsy 1999/11/29 v1.2d Bold Symbols
\pmbraise@=\dimen141
)
(d:/WINDOWSAPPS/texlive/2021/texmf-dist/tex/latex/amsmath/amsopn.sty
Package: amsopn 2016/03/08 v2.02 operator names
)
\inf@bad=\count187
LaTeX Info: Redefining \frac on input line 234.
\uproot@=\count188
\leftroot@=\count189
LaTeX Info: Redefining \overline on input line 399.
\classnum@=\count190
\DOTSCASE@=\count191
LaTeX Info: Redefining \ldots on input line 496.
LaTeX Info: Redefining \dots on input line 499.
LaTeX Info: Redefining \cdots on input line 620.
\Mathstrutbox@=\box50
\strutbox@=\box51
\big@size=\dimen142
LaTeX Font Info:    Redeclaring font encoding OML on input line 743.
LaTeX Font Info:    Redeclaring font encoding OMS on input line 744.
\macc@depth=\count192
\c@MaxMatrixCols=\count193
\dotsspace@=\muskip16
\c@parentequation=\count194
\dspbrk@lvl=\count195
\tag@help=\toks18
\row@=\count196
\column@=\count197
\maxfields@=\count198
\andhelp@=\toks19
\eqnshift@=\dimen143
\alignsep@=\dimen144
\tagshift@=\dimen145
\tagwidth@=\dimen146
\totwidth@=\dimen147
\lineht@=\dimen148
\@envbody=\toks20
\multlinegap=\skip64
\multlinetaggap=\skip65
\mathdisplay@stack=\toks21
LaTeX Info: Redefining \[ on input line 2923.
LaTeX Info: Redefining \] on input line 2924.
)
(d:/WINDOWSAPPS/texlive/2021/texmf-dist/tex/latex/amsfonts/amssymb.sty
Package: amssymb 2013/01/14 v3.01 AMS font symbols

(d:/WINDOWSAPPS/texlive/2021/texmf-dist/tex/latex/amsfonts/amsfonts.sty
Package: amsfonts 2013/01/14 v3.01 Basic AMSFonts support
\symAMSa=\mathgroup4
\symAMSb=\mathgroup5
LaTeX Font Info:    Redeclaring math symbol \hbar on input line 98.
LaTeX Font Info:    Overwriting math alphabet `\mathfrak' in version `bold'
(Font)                  U/euf/m/n --> U/euf/b/n on input line 106.
))
(d:/WINDOWSAPPS/texlive/2021/texmf-dist/tex/latex/hyperref/hyperref.sty
Package: hyperref 2021-06-07 v7.00m Hypertext links for LaTeX

(d:/WINDOWSAPPS/texlive/2021/texmf-dist/tex/generic/ltxcmds/ltxcmds.sty
Package: ltxcmds 2020-05-10 v1.25 LaTeX kernel commands for general use (HO)
)
(d:/WINDOWSAPPS/texlive/2021/texmf-dist/tex/generic/iftex/iftex.sty
Package: iftex 2020/03/06 v1.0d TeX engine tests
)
(d:/WINDOWSAPPS/texlive/2021/texmf-dist/tex/generic/pdftexcmds/pdftexcmds.sty
Package: pdftexcmds 2020-06-27 v0.33 Utility functions of pdfTeX for LuaTeX (HO
)

(d:/WINDOWSAPPS/texlive/2021/texmf-dist/tex/generic/infwarerr/infwarerr.sty
Package: infwarerr 2019/12/03 v1.5 Providing info/warning/error messages (HO)
)
Package pdftexcmds Info: \pdf@primitive is available.
Package pdftexcmds Info: \pdf@ifprimitive is available.
Package pdftexcmds Info: \pdfdraftmode not found.
)
(d:/WINDOWSAPPS/texlive/2021/texmf-dist/tex/latex/graphics/keyval.sty
Package: keyval 2014/10/28 v1.15 key=value parser (DPC)
\KV@toks@=\toks22
)
(d:/WINDOWSAPPS/texlive/2021/texmf-dist/tex/generic/kvsetkeys/kvsetkeys.sty
Package: kvsetkeys 2019/12/15 v1.18 Key value parser (HO)
)
(d:/WINDOWSAPPS/texlive/2021/texmf-dist/tex/generic/kvdefinekeys/kvdefinekeys.s
ty
Package: kvdefinekeys 2019-12-19 v1.6 Define keys (HO)
) (d:/WINDOWSAPPS/texlive/2021/texmf-dist/tex/generic/pdfescape/pdfescape.sty
Package: pdfescape 2019/12/09 v1.15 Implements pdfTeX's escape features (HO)
) (d:/WINDOWSAPPS/texlive/2021/texmf-dist/tex/latex/hycolor/hycolor.sty
Package: hycolor 2020-01-27 v1.10 Color options for hyperref/bookmark (HO)
)
(d:/WINDOWSAPPS/texlive/2021/texmf-dist/tex/latex/letltxmacro/letltxmacro.sty
Package: letltxmacro 2019/12/03 v1.6 Let assignment for LaTeX macros (HO)
)
(d:/WINDOWSAPPS/texlive/2021/texmf-dist/tex/latex/auxhook/auxhook.sty
Package: auxhook 2019-12-17 v1.6 Hooks for auxiliary files (HO)
)
(d:/WINDOWSAPPS/texlive/2021/texmf-dist/tex/latex/kvoptions/kvoptions.sty
Package: kvoptions 2020-10-07 v3.14 Key value format for package options (HO)
)
\@linkdim=\dimen149
\Hy@linkcounter=\count199
\Hy@pagecounter=\count266

(d:/WINDOWSAPPS/texlive/2021/texmf-dist/tex/latex/hyperref/pd1enc.def
File: pd1enc.def 2021-06-07 v7.00m Hyperref: PDFDocEncoding definition (HO)
)
(d:/WINDOWSAPPS/texlive/2021/texmf-dist/tex/latex/hyperref/hyperref-langpatches
.def
File: hyperref-langpatches.def 2021-06-07 v7.00m Hyperref: patches for babel la
nguages
) (d:/WINDOWSAPPS/texlive/2021/texmf-dist/tex/generic/intcalc/intcalc.sty
Package: intcalc 2019/12/15 v1.3 Expandable calculations with integers (HO)
)
(d:/WINDOWSAPPS/texlive/2021/texmf-dist/tex/generic/etexcmds/etexcmds.sty
Package: etexcmds 2019/12/15 v1.7 Avoid name clashes with e-TeX commands (HO)
)
\Hy@SavedSpaceFactor=\count267

(d:/WINDOWSAPPS/texlive/2021/texmf-dist/tex/latex/hyperref/puenc.def
File: puenc.def 2021-06-07 v7.00m Hyperref: PDF Unicode definition (HO)
)
Package hyperref Info: Option `colorlinks' set `true' on input line 4073.
Package hyperref Info: Hyper figures OFF on input line 4192.
Package hyperref Info: Link nesting OFF on input line 4197.
Package hyperref Info: Hyper index ON on input line 4200.
Package hyperref Info: Plain pages OFF on input line 4207.
Package hyperref Info: Backreferencing OFF on input line 4212.
Package hyperref Info: Implicit mode ON; LaTeX internals redefined.
Package hyperref Info: Bookmarks ON on input line 4445.
\c@Hy@tempcnt=\count268

(d:/WINDOWSAPPS/texlive/2021/texmf-dist/tex/latex/url/url.sty
\Urlmuskip=\muskip17
Package: url 2013/09/16  ver 3.4  Verb mode for urls, etc.
)
LaTeX Info: Redefining \url on input line 4804.
\XeTeXLinkMargin=\dimen150

(d:/WINDOWSAPPS/texlive/2021/texmf-dist/tex/generic/bitset/bitset.sty
Package: bitset 2019/12/09 v1.3 Handle bit-vector datatype (HO)

(d:/WINDOWSAPPS/texlive/2021/texmf-dist/tex/generic/bigintcalc/bigintcalc.sty
Package: bigintcalc 2019/12/15 v1.5 Expandable calculations on big integers (HO
)
))
\Fld@menulength=\count269
\Field@Width=\dimen151
\Fld@charsize=\dimen152
Package hyperref Info: Hyper figures OFF on input line 6076.
Package hyperref Info: Link nesting OFF on input line 6081.
Package hyperref Info: Hyper index ON on input line 6084.
Package hyperref Info: backreferencing OFF on input line 6091.
Package hyperref Info: Link coloring ON on input line 6094.
Package hyperref Info: Link coloring with OCG OFF on input line 6101.
Package hyperref Info: PDF/A mode OFF on input line 6106.
LaTeX Info: Redefining \ref on input line 6146.
LaTeX Info: Redefining \pageref on input line 6150.
(d:/WINDOWSAPPS/texlive/2021/texmf-dist/tex/latex/base/atbegshi-ltx.sty
Package: atbegshi-ltx 2021/01/10 v1.0c Emulation of the original atbegshi
package with kernel methods
)
\Hy@abspage=\count270
\c@Item=\count271
\c@Hfootnote=\count272
)
Package hyperref Info: Driver (autodetected): hxetex.

(d:/WINDOWSAPPS/texlive/2021/texmf-dist/tex/latex/hyperref/hxetex.def
File: hxetex.def 2021-06-07 v7.00m Hyperref driver for XeTeX

(d:/WINDOWSAPPS/texlive/2021/texmf-dist/tex/generic/stringenc/stringenc.sty
Package: stringenc 2019/11/29 v1.12 Convert strings between diff. encodings (HO
)
)
\pdfm@box=\box52
\c@Hy@AnnotLevel=\count273
\HyField@AnnotCount=\count274
\Fld@listcount=\count275
\c@bookmark@seq@number=\count276

(d:/WINDOWSAPPS/texlive/2021/texmf-dist/tex/latex/rerunfilecheck/rerunfilecheck
.sty
Package: rerunfilecheck 2019/12/05 v1.9 Rerun checks for auxiliary files (HO)
 (d:/WINDOWSAPPS/texlive/2021/texmf-dist/tex/latex/base/atveryend-ltx.sty
Package: atveryend-ltx 2020/08/19 v1.0a Emulation of the original atvery packag
e
with kernel methods
)
(d:/WINDOWSAPPS/texlive/2021/texmf-dist/tex/generic/uniquecounter/uniquecounter
.sty
Package: uniquecounter 2019/12/15 v1.4 Provide unlimited unique counter (HO)
)
Package uniquecounter Info: New unique counter `rerunfilecheck' on input line 2
86.
)
\Hy@SectionHShift=\skip66
)
LaTeX Font Info:    Overwriting math alphabet `\mathsfit' in version `bold'
(Font)                  T1/lmss/m/sl --> T1/lmss/b/sl on input line 33.
)
(d:/WINDOWSAPPS/texlive/2021/texmf-dist/tex/latex/l3backend/l3backend-xetex.def
File: l3backend-xetex.def 2021-05-07 L3 backend support: XeTeX
(|extractbb --version)
\c__kernel_sys_dvipdfmx_version_int=\count277
\l__color_backend_stack_int=\count278
\g__color_backend_stack_int=\count279
\g__graphics_track_int=\count280
\l__pdf_internal_box=\box53
\g__pdf_backend_object_int=\count281
\g__pdf_backend_annotation_int=\count282
\g__pdf_backend_link_int=\count283
) (./LatexMain.aux)
\openout1 = `LatexMain.aux'.

LaTeX Font Info:    Checking defaults for OML/cmm/m/it on input line 2.
LaTeX Font Info:    ... okay on input line 2.
LaTeX Font Info:    Checking defaults for OMS/cmsy/m/n on input line 2.
LaTeX Font Info:    ... okay on input line 2.
LaTeX Font Info:    Checking defaults for OT1/cmr/m/n on input line 2.
LaTeX Font Info:    ... okay on input line 2.
LaTeX Font Info:    Checking defaults for T1/cmr/m/n on input line 2.
LaTeX Font Info:    ... okay on input line 2.
LaTeX Font Info:    Checking defaults for TS1/cmr/m/n on input line 2.
LaTeX Font Info:    Trying to load font information for TS1+cmr on input line 2
.

(d:/WINDOWSAPPS/texlive/2021/texmf-dist/tex/latex/base/ts1cmr.fd
File: ts1cmr.fd 2019/12/16 v2.5j Standard LaTeX font definitions
)
LaTeX Font Info:    ... okay on input line 2.
LaTeX Font Info:    Checking defaults for TU/lmr/m/n on input line 2.
LaTeX Font Info:    ... okay on input line 2.
LaTeX Font Info:    Checking defaults for OMX/cmex/m/n on input line 2.
LaTeX Font Info:    ... okay on input line 2.
LaTeX Font Info:    Checking defaults for U/cmr/m/n on input line 2.
LaTeX Font Info:    ... okay on input line 2.
LaTeX Font Info:    Checking defaults for PD1/pdf/m/n on input line 2.
LaTeX Font Info:    ... okay on input line 2.
LaTeX Font Info:    Checking defaults for PU/pdf/m/n on input line 2.
LaTeX Font Info:    ... okay on input line 2.
Package ragged2e Info: ABD: executing \RaggedRight on input line 2.

(d:/WINDOWSAPPS/texlive/2021/texmf-dist/tex/latex/graphics/color.sty
Package: color 2020/02/24 v1.2b Standard LaTeX Color (DPC)

(d:/WINDOWSAPPS/texlive/2021/texmf-dist/tex/latex/graphics-cfg/color.cfg
File: color.cfg 2016/01/02 v1.6 sample color configuration
)
Package color Info: Driver file: xetex.def on input line 149.

(d:/WINDOWSAPPS/texlive/2021/texmf-dist/tex/latex/graphics-def/xetex.def
File: xetex.def 2021/03/18 v5.0k Graphics/color driver for xetex
))
Package hyperref Info: Link coloring ON on input line 2.

(d:/WINDOWSAPPS/texlive/2021/texmf-dist/tex/latex/hyperref/nameref.sty
Package: nameref 2021-04-02 v2.47 Cross-referencing by name of section

(d:/WINDOWSAPPS/texlive/2021/texmf-dist/tex/latex/refcount/refcount.sty
Package: refcount 2019/12/15 v3.6 Data extraction from label references (HO)
)
(d:/WINDOWSAPPS/texlive/2021/texmf-dist/tex/generic/gettitlestring/gettitlestri
ng.sty
Package: gettitlestring 2019/12/15 v1.6 Cleanup title references (HO)
)
\c@section@level=\count284
)
LaTeX Info: Redefining \ref on input line 2.
LaTeX Info: Redefining \pageref on input line 2.
LaTeX Info: Redefining \nameref on input line 2.
 (./LatexMain.out) (./LatexMain.out)
\@outlinefile=\write3
\openout3 = `LatexMain.out'.

 (./SectionWeek1/text.tex
LaTeX Font Info:    Trying to load font information for U+msa on input line 8.

(d:/WINDOWSAPPS/texlive/2021/texmf-dist/tex/latex/amsfonts/umsa.fd
File: umsa.fd 2013/01/14 v3.01 AMS symbols A
)
LaTeX Font Info:    Trying to load font information for U+msb on input line 8.

(d:/WINDOWSAPPS/texlive/2021/texmf-dist/tex/latex/amsfonts/umsb.fd
File: umsb.fd 2013/01/14 v3.01 AMS symbols B
)) [1

]
(./LatexMain.aux)
Package rerunfilecheck Info: File `LatexMain.out' has not changed.
(rerunfilecheck)             Checksum: 3A9500C5D87FCF8D427A40040046D7EE;391.
 ) 
Here is how much of TeX's memory you used:
 8877 strings out of 476445
 132457 string characters out of 5811715
 449210 words of memory out of 5000000
 29230 multiletter control sequences out of 15000+600000
 407518 words of font info for 52 fonts, out of 8000000 for 9000
 1348 hyphenation exceptions out of 8191
 65i,13n,69p,528b,388s stack positions out of 5000i,500n,10000p,200000b,80000s

Output written on LatexMain.pdf (1 page).
